# JRE version: OpenJDK Runtime Environment (11.0.12+7) (build 11.0.12+7-b1504.28-7817840)
# Java VM: OpenJDK 64-Bit Server VM (11.0.12+7-b1504.28-7817840, mixed mode, tiered, compressed oops, g1 gc, windows-amd64)
Heap:
 garbage-first heap   total 95232K, used 69389K [0x00000000c1c00000, 0x0000000100000000)
  region size 1024K, 9 young (9216K), 2 survivors (2048K)
 Metaspace       used 66013K, capacity 66862K, committed 67072K, reserved 1107968K
  class space    used 7327K, capacity 7674K, committed 7680K, reserved 1048576K
GC Heap History (20 events):
Event: 230.596 GC heap before
{Heap before GC invocations=35 (full 0):
 garbage-first heap   total 78848K, used 63679K [0x00000000c1c00000, 0x0000000100000000)
  region size 1024K, 10 young (10240K), 1 survivors (1024K)
 Metaspace       used 57518K, capacity 58225K, committed 58496K, reserved 1101824K
  class space    used 6443K, capacity 6724K, committed 6784K, reserved 1048576K
}
Event: 230.601 GC heap after
{Heap after GC invocations=36 (full 0):
 garbage-first heap   total 78848K, used 54580K [0x00000000c1c00000, 0x0000000100000000)
  region size 1024K, 2 young (2048K), 2 survivors (2048K)
 Metaspace       used 57518K, capacity 58225K, committed 58496K, reserved 1101824K
  class space    used 6443K, capacity 6724K, committed 6784K, reserved 1048576K
}
Event: 230.844 GC heap before
{Heap before GC invocations=36 (full 0):
 garbage-first heap   total 78848K, used 63796K [0x00000000c1c00000, 0x0000000100000000)
  region size 1024K, 11 young (11264K), 2 survivors (2048K)
 Metaspace       used 57518K, capacity 58225K, committed 58496K, reserved 1101824K
  class space    used 6443K, capacity 6724K, committed 6784K, reserved 1048576K
}
Event: 230.849 GC heap after
{Heap after GC invocations=37 (full 0):
 garbage-first heap   total 78848K, used 54442K [0x00000000c1c00000, 0x0000000100000000)
  region size 1024K, 1 young (1024K), 1 survivors (1024K)
 Metaspace       used 57518K, capacity 58225K, committed 58496K, reserved 1101824K
  class space    used 6443K, capacity 6724K, committed 6784K, reserved 1048576K
}
Event: 231.126 GC heap before
{Heap before GC invocations=37 (full 0):
 garbage-first heap   total 78848K, used 64682K [0x00000000c1c00000, 0x0000000100000000)
  region size 1024K, 11 young (11264K), 1 survivors (1024K)
 Metaspace       used 57518K, capacity 58225K, committed 58496K, reserved 1101824K
  class space    used 6443K, capacity 6724K, committed 6784K, reserved 1048576K
}
Event: 231.131 GC heap after
{Heap after GC invocations=38 (full 0):
 garbage-first heap   total 78848K, used 54463K [0x00000000c1c00000, 0x0000000100000000)
  region size 1024K, 1 young (1024K), 1 survivors (1024K)
 Metaspace       used 57518K, capacity 58225K, committed 58496K, reserved 1101824K
  class space    used 6443K, capacity 6724K, committed 6784K, reserved 1048576K
}
Event: 232.599 GC heap before
{Heap before GC invocations=39 (full 0):
 garbage-first heap   total 78848K, used 64703K [0x00000000c1c00000, 0x0000000100000000)
  region size 1024K, 11 young (11264K), 1 survivors (1024K)
 Metaspace       used 58015K, capacity 58702K, committed 58880K, reserved 1101824K
  class space    used 6509K, capacity 6799K, committed 6912K, reserved 1048576K
}
Event: 232.606 GC heap after
{Heap after GC invocations=40 (full 0):
 garbage-first heap   total 78848K, used 54653K [0x00000000c1c00000, 0x0000000100000000)
  region size 1024K, 2 young (2048K), 2 survivors (2048K)
 Metaspace       used 58015K, capacity 58702K, committed 58880K, reserved 1101824K
  class space    used 6509K, capacity 6799K, committed 6912K, reserved 1048576K
}
Event: 235.703 GC heap before
{Heap before GC invocations=40 (full 0):
 garbage-first heap   total 78848K, used 63869K [0x00000000c1c00000, 0x0000000100000000)
  region size 1024K, 12 young (12288K), 2 survivors (2048K)
 Metaspace       used 61204K, capacity 61997K, committed 62208K, reserved 1103872K
  class space    used 7024K, capacity 7366K, committed 7424K, reserved 1048576K
}
Event: 235.728 GC heap after
{Heap after GC invocations=41 (full 0):
 garbage-first heap   total 78848K, used 55277K [0x00000000c1c00000, 0x0000000100000000)
  region size 1024K, 1 young (1024K), 1 survivors (1024K)
 Metaspace       used 61204K, capacity 61997K, committed 62208K, reserved 1103872K
  class space    used 7024K, capacity 7366K, committed 7424K, reserved 1048576K
}
Event: 240.157 GC heap before
{Heap before GC invocations=42 (full 0):
 garbage-first heap   total 78848K, used 65517K [0x00000000c1c00000, 0x0000000100000000)
  region size 1024K, 11 young (11264K), 1 survivors (1024K)
 Metaspace       used 62669K, capacity 63472K, committed 63616K, reserved 1105920K
  class space    used 7180K, capacity 7537K, committed 7552K, reserved 1048576K
}
Event: 240.236 GC heap after
{Heap after GC invocations=43 (full 0):
 garbage-first heap   total 78848K, used 56846K [0x00000000c1c00000, 0x0000000100000000)
  region size 1024K, 2 young (2048K), 2 survivors (2048K)
 Metaspace       used 62669K, capacity 63472K, committed 63616K, reserved 1105920K
  class space    used 7180K, capacity 7537K, committed 7552K, reserved 1048576K
}
Event: 241.366 GC heap before
{Heap before GC invocations=43 (full 0):
 garbage-first heap   total 78848K, used 57870K [0x00000000c1c00000, 0x0000000100000000)
  region size 1024K, 3 young (3072K), 2 survivors (2048K)
 Metaspace       used 62787K, capacity 63641K, committed 64000K, reserved 1105920K
  class space    used 7192K, capacity 7571K, committed 7680K, reserved 1048576K
}
Event: 241.406 GC heap after
{Heap after GC invocations=44 (full 0):
 garbage-first heap   total 78848K, used 56531K [0x00000000c1c00000, 0x0000000100000000)
  region size 1024K, 1 young (1024K), 1 survivors (1024K)
 Metaspace       used 62787K, capacity 63641K, committed 64000K, reserved 1105920K
  class space    used 7192K, capacity 7571K, committed 7680K, reserved 1048576K
}
Event: 245.094 GC heap before
{Heap before GC invocations=44 (full 0):
 garbage-first heap   total 78848K, used 65747K [0x00000000c1c00000, 0x0000000100000000)
  region size 1024K, 10 young (10240K), 1 survivors (1024K)
 Metaspace       used 63734K, capacity 64544K, committed 64768K, reserved 1105920K
  class space    used 7270K, capacity 7636K, committed 7680K, reserved 1048576K
}
Event: 245.146 GC heap after
{Heap after GC invocations=45 (full 0):
 garbage-first heap   total 95232K, used 58550K [0x00000000c1c00000, 0x0000000100000000)
  region size 1024K, 2 young (2048K), 2 survivors (2048K)
 Metaspace       used 63734K, capacity 64544K, committed 64768K, reserved 1105920K
  class space    used 7270K, capacity 7636K, committed 7680K, reserved 1048576K
}
Event: 249.935 GC heap before
{Heap before GC invocations=46 (full 0):
 garbage-first heap   total 95232K, used 72886K [0x00000000c1c00000, 0x0000000100000000)
  region size 1024K, 16 young (16384K), 2 survivors (2048K)
 Metaspace       used 64230K, capacity 65103K, committed 65280K, reserved 1107968K
  class space    used 7297K, capacity 7671K, committed 7680K, reserved 1048576K
}
Event: 249.996 GC heap after
{Heap after GC invocations=47 (full 0):
 garbage-first heap   total 95232K, used 61488K [0x00000000c1c00000, 0x0000000100000000)
  region size 1024K, 2 young (2048K), 2 survivors (2048K)
 Metaspace       used 64230K, capacity 65103K, committed 65280K, reserved 1107968K
  class space    used 7297K, capacity 7671K, committed 7680K, reserved 1048576K
}
Event: 261.821 GC heap before
{Heap before GC invocations=47 (full 0):
 garbage-first heap   total 95232K, used 74800K [0x00000000c1c00000, 0x0000000100000000)
  region size 1024K, 15 young (15360K), 2 survivors (2048K)
 Metaspace       used 65373K, capacity 66213K, committed 66304K, reserved 1107968K
  class space    used 7326K, capacity 7674K, committed 7680K, reserved 1048576K
}
Event: 261.995 GC heap after
{Heap after GC invocations=48 (full 0):
 garbage-first heap   total 95232K, used 63245K [0x00000000c1c00000, 0x0000000100000000)
  region size 1024K, 2 young (2048K), 2 survivors (2048K)
 Metaspace       used 65373K, capacity 66213K, committed 66304K, reserved 1107968K
  class space    used 7326K, capacity 7674K, committed 7680K, reserved 1048576K
}

